#-----------------------------------------------------------
# Vivado v2021.1 (64-bit)
# SW Build 3247384 on Thu Jun 10 19:36:33 MDT 2021
# IP Build 3246043 on Fri Jun 11 00:30:35 MDT 2021
# Start of session at: Tue Sep  7 15:52:07 2021
# Process ID: 13712
# Current directory: D:/Documents/_Schoolware/_CU/Y3T1/HW SYN LAB/lab3
# Command line: vivado.exe -gui_launcher_event rodinguilauncherevent14576 D:\Documents\_Schoolware\_CU\Y3T1\HW SYN LAB\lab3\lab3.xpr
# Log file: D:/Documents/_Schoolware/_CU/Y3T1/HW SYN LAB/lab3/vivado.log
# Journal file: D:/Documents/_Schoolware/_CU/Y3T1/HW SYN LAB/lab3\vivado.jou
#-----------------------------------------------------------
start_gui
open_project {D:/Documents/_Schoolware/_CU/Y3T1/HW SYN LAB/lab3/lab3.xpr}
WARNING: [filemgmt 56-3] Default IP Output Path : Could not find the directory 'D:/Documents/_Schoolware/_CU/Y3T1/HW SYN LAB/lab3/lab3.gen/sources_1'.
Scanning sources...
Finished scanning sources
INFO: [IP_Flow 19-234] Refreshing IP repositories
INFO: [IP_Flow 19-1704] No user IP repositories specified
INFO: [IP_Flow 19-2313] Loaded Vivado IP repository 'C:/Xilinx/Vivado/2021.1/data/ip'.
open_project: Time (s): cpu = 00:00:26 ; elapsed = 00:00:10 . Memory (MB): peak = 1134.180 ; gain = 0.000
update_compile_order -fileset sources_1
exit
INFO: [Common 17-206] Exiting Vivado at Tue Sep  7 15:55:49 2021...
